Building DAG of jobs...
Using shell: /bin/bash
Provided cores: 1
Rules claiming more threads will be scaled down.
Job counts:
	count	jobs
	1	compile_paper
	1

[Wed Feb 20 12:18:50 2019]
rule compile_paper:
    input: src/paper/compile_paper.R, src/paper/final_paper.Rmd
    output: out/paper/paper.pdf
    log: logs/compile_paper.Rout
    jobid: 0

Waiting at most 5 seconds for missing files.
MissingOutputException in line 12 of /Users/jerelehtomaa/Dropbox/courses/uzh/pp4rs/final-project/Snakefile:
Missing files after 5 seconds:
out/paper/paper.pdf
This might be due to filesystem latency. If that is the case, consider to increase the wait time with --latency-wait.
Shutting down, this might take some time.
Exiting because a job execution failed. Look above for error message
Complete log: /Users/jerelehtomaa/Dropbox/courses/uzh/pp4rs/final-project/.snakemake/log/2019-02-20T121850.491641.snakemake.log
