Building DAG of jobs...
Using shell: /bin/bash
Provided cores: 1
Rules claiming more threads will be scaled down.
Job counts:
	count	jobs
	1	all
	1	linear_model
	1	make_figures
	1	make_vars
	1	rename_vars
	1	results_table
	1	summary_stat_table
	7

[Thu Feb 21 12:12:16 2019]
rule rename_vars:
    input: src/data-management/rename_variables.R, src/data/raw_data.csv
    output: out/data/rawdata_renamed.csv
    log: logs/rename_variables.Rout
    jobid: 7

[Thu Feb 21 12:12:17 2019]
Finished job 7.
1 of 7 steps (14%) done

[Thu Feb 21 12:12:17 2019]
rule make_vars:
    input: src/data-management/gen_reg_vars.R, out/data/rawdata_renamed.csv, src/data/continent_codes.csv
    output: out/data/data_complete.csv
    log: logs/gen_reg_vars.Rout
    jobid: 6

[Thu Feb 21 12:12:18 2019]
Finished job 6.
2 of 7 steps (29%) done

[Thu Feb 21 12:12:18 2019]
rule make_figures:
    input: src/figures/fig_01.R, out/data/data_complete.csv
    output: out/figures/fig_01.png
    log: logs/fig_01.Rout
    jobid: 3

[Thu Feb 21 12:12:20 2019]
Finished job 3.
3 of 7 steps (43%) done

[Thu Feb 21 12:12:20 2019]
rule summary_stat_table:
    input: src/tables/summary_stat.R, out/data/data_complete.csv
    output: out/tables/summary_stat.tex
    log: logs/summary_stat.Rout
    jobid: 2

[Thu Feb 21 12:12:22 2019]
Finished job 2.
4 of 7 steps (57%) done

[Thu Feb 21 12:12:22 2019]
rule linear_model:
    input: src/analysis/linear_regression.R, out/data/data_complete.csv
    output: out/analysis/regression_output.rds
    log: logs/linear_regression.Rout
    jobid: 5

[Thu Feb 21 12:12:22 2019]
Finished job 5.
5 of 7 steps (71%) done

[Thu Feb 21 12:12:22 2019]
rule results_table:
    input: src/tables/model_results.R, out/analysis/regression_output.rds
    output: out/tables/model_results.tex
    log: logs/model_results.Rout
    jobid: 1

[Thu Feb 21 12:12:25 2019]
Finished job 1.
6 of 7 steps (86%) done

[Thu Feb 21 12:12:25 2019]
localrule all:
    input: out/tables/model_results.tex, out/tables/summary_stat.tex, out/figures/fig_01.png, out/paper/final_paper.pdf
    jobid: 0

[Thu Feb 21 12:12:25 2019]
Finished job 0.
7 of 7 steps (100%) done
Complete log: /Users/jerelehtomaa/Dropbox/courses/uzh/pp4rs/final-project/.snakemake/log/2019-02-21T121216.119297.snakemake.log
