Building DAG of jobs...
Using shell: /bin/bash
Provided cores: 1
Rules claiming more threads will be scaled down.
Job counts:
	count	jobs
	1	compile_paper
	1	make_figures
	2

[Thu Feb 21 10:45:30 2019]
rule make_figures:
    input: src/figures/fig_01.R, out/data/data_complete.csv
    output: out/figures/fig_01.png
    log: logs/fig_01.Rout
    jobid: 1

[Thu Feb 21 10:45:33 2019]
Finished job 1.
1 of 2 steps (50%) done

[Thu Feb 21 10:45:33 2019]
rule compile_paper:
    input: src/paper/final_paper.md, src/paper/bibliography.bib, out/figures/fig_01.png
    output: out/paper/short_paper.pdf
    log: logs/final_paper.log
    jobid: 0

[Thu Feb 21 10:45:41 2019]
Finished job 0.
2 of 2 steps (100%) done
Complete log: /Users/jerelehtomaa/Dropbox/courses/uzh/pp4rs/final-project/.snakemake/log/2019-02-21T104530.630496.snakemake.log
