Building DAG of jobs...
Using shell: /bin/bash
Provided cores: 1
Rules claiming more threads will be scaled down.
Job counts:
	count	jobs
	1	all
	1	summary_stat_table
	2

[Thu Feb 21 11:56:35 2019]
rule summary_stat_table:
    input: src/tables/summary_stat.R, out/data/data_complete.csv
    output: out/tables/summary_stat.tex
    log: logs/summary_stat.Rout
    jobid: 2

[Thu Feb 21 11:56:37 2019]
Finished job 2.
1 of 2 steps (50%) done

[Thu Feb 21 11:56:37 2019]
localrule all:
    input: out/tables/model_results.tex, out/tables/summary_stat.tex
    jobid: 0

[Thu Feb 21 11:56:37 2019]
Finished job 0.
2 of 2 steps (100%) done
Complete log: /Users/jerelehtomaa/Dropbox/courses/uzh/pp4rs/final-project/.snakemake/log/2019-02-21T115635.272867.snakemake.log
