Building DAG of jobs...
Using shell: /bin/bash
Provided cores: 1
Rules claiming more threads will be scaled down.
Job counts:
	count	jobs
	1	compile_paper
	1	make_figures
	1	make_vars
	1	rename_vars
	4

[Thu Feb 21 11:18:45 2019]
rule rename_vars:
    input: src/data-management/rename_variables.R, src/data/raw_data.csv
    output: out/data/rawdata_renamed.csv
    log: logs/rename_variables.Rout
    jobid: 3

[Thu Feb 21 11:18:46 2019]
Finished job 3.
1 of 4 steps (25%) done

[Thu Feb 21 11:18:46 2019]
rule make_vars:
    input: src/data-management/gen_reg_vars.R, out/data/rawdata_renamed.csv, src/data/continent_codes.csv
    output: out/data/data_complete.csv
    log: logs/gen_reg_vars.Rout
    jobid: 2

[Thu Feb 21 11:18:48 2019]
Finished job 2.
2 of 4 steps (50%) done

[Thu Feb 21 11:18:48 2019]
rule make_figures:
    input: src/figures/fig_01.R, out/data/data_complete.csv
    output: out/figures/fig_01.png
    log: logs/fig_01.Rout
    jobid: 1

[Thu Feb 21 11:18:50 2019]
Finished job 1.
3 of 4 steps (75%) done

[Thu Feb 21 11:18:50 2019]
rule compile_paper:
    input: src/paper/final_paper.md, src/paper/bibliography.bib, out/figures/fig_01.png
    output: out/paper/short_paper.pdf
    log: logs/final_paper.log
    jobid: 0

[Thu Feb 21 11:18:54 2019]
Error in rule compile_paper:
    jobid: 0
    output: out/paper/short_paper.pdf
    log: logs/final_paper.log

RuleException:
CalledProcessError in line 22 of /Users/jerelehtomaa/Dropbox/courses/uzh/pp4rs/final-project/Snakefile:
Command ' set -euo pipefail;  pandoc src/paper/final_paper.md --smart             --latex-engine=xelatex -o out/paper/short_paper.pdf             --bibliography src/paper/bibliography.bib > logs/final_paper.log 2>&1 ' returned non-zero exit status 43.
  File "/Users/jerelehtomaa/Dropbox/courses/uzh/pp4rs/final-project/Snakefile", line 22, in __rule_compile_paper
  File "/anaconda3/lib/python3.6/concurrent/futures/thread.py", line 56, in run
Shutting down, this might take some time.
Exiting because a job execution failed. Look above for error message
Complete log: /Users/jerelehtomaa/Dropbox/courses/uzh/pp4rs/final-project/.snakemake/log/2019-02-21T111845.352453.snakemake.log
