Building DAG of jobs...
Using shell: /bin/bash
Provided cores: 1
Rules claiming more threads will be scaled down.
Job counts:
	count	jobs
	1	compile_paper
	1	make_figures
	2

[Thu Feb 21 10:47:53 2019]
rule make_figures:
    input: src/figures/fig_01.R, out/data/data_complete.csv
    output: out/figures/fig_01.png
    log: logs/fig_01.Rout
    jobid: 1

[Thu Feb 21 10:47:54 2019]
Error in rule make_figures:
    jobid: 1
    output: out/figures/fig_01.png
    log: logs/fig_01.Rout

RuleException:
CalledProcessError in line 48 of /Users/jerelehtomaa/Dropbox/courses/uzh/pp4rs/final-project/Snakefile:
Command ' set -euo pipefail;  Rscript src/figures/fig_01.R             --data out/data/data_complete.csv             --out out/figures/fig_01.png > logs/fig_01.Rout 2>&1 ' returned non-zero exit status 1.
  File "/Users/jerelehtomaa/Dropbox/courses/uzh/pp4rs/final-project/Snakefile", line 48, in __rule_make_figures
  File "/anaconda3/lib/python3.6/concurrent/futures/thread.py", line 56, in run
Shutting down, this might take some time.
Exiting because a job execution failed. Look above for error message
Complete log: /Users/jerelehtomaa/Dropbox/courses/uzh/pp4rs/final-project/.snakemake/log/2019-02-21T104753.254774.snakemake.log
