Building DAG of jobs...
Using shell: /bin/bash
Provided cores: 1
Rules claiming more threads will be scaled down.
Job counts:
	count	jobs
	1	compile_paper
	1	summary_stat_table
	2

[Thu Feb 21 11:21:14 2019]
rule summary_stat_table:
    input: src/tables/summary_stat_table.R, out/data/data_complete.csv
    output: out/tables/summary_stat_table.tex
    log: logs/summary_stat_table.Rout
    jobid: 2

[Thu Feb 21 11:21:15 2019]
Finished job 2.
1 of 2 steps (50%) done

[Thu Feb 21 11:21:15 2019]
rule compile_paper:
    input: src/paper/final_paper.md, src/paper/bibliography.bib, out/figures/fig_01.png, out/tables/summary_stat_table.tex
    output: out/paper/short_paper.pdf
    log: logs/final_paper.log
    jobid: 0

[Thu Feb 21 11:21:23 2019]
Finished job 0.
2 of 2 steps (100%) done
Complete log: /Users/jerelehtomaa/Dropbox/courses/uzh/pp4rs/final-project/.snakemake/log/2019-02-21T112114.105094.snakemake.log
