Building DAG of jobs...
Using shell: /bin/bash
Provided cores: 1
Rules claiming more threads will be scaled down.
Job counts:
	count	jobs
	1	all
	1	make_figures
	2

[Thu Feb 21 12:08:04 2019]
rule make_figures:
    input: src/figures/fig_01.R, out/data/data_complete.csv
    output: out/figures/fig_01.png
    log: logs/fig_01.Rout
    jobid: 3

[Thu Feb 21 12:08:07 2019]
Finished job 3.
1 of 2 steps (50%) done

[Thu Feb 21 12:08:07 2019]
localrule all:
    input: out/tables/model_results.tex, out/tables/summary_stat.tex, out/figures/fig_01.png
    jobid: 0

[Thu Feb 21 12:08:07 2019]
Finished job 0.
2 of 2 steps (100%) done
Complete log: /Users/jerelehtomaa/Dropbox/courses/uzh/pp4rs/final-project/.snakemake/log/2019-02-21T120804.773604.snakemake.log
