Building DAG of jobs...
Using shell: /bin/bash
Provided cores: 1
Rules claiming more threads will be scaled down.
Job counts:
	count	jobs
	1	linear_model
	1

[Wed Feb 20 18:33:49 2019]
rule linear_model:
    input: src/analysis/linear_regression.R, out/data/data_complete.csv
    output: out/analysis/regression_output.rds
    log: logs/linear_regression.Rout
    jobid: 0

[Wed Feb 20 18:33:50 2019]
Error in rule linear_model:
    jobid: 0
    output: out/analysis/regression_output.rds
    log: logs/linear_regression.Rout

RuleException:
CalledProcessError in line 60 of /Users/jerelehtomaa/Dropbox/courses/uzh/pp4rs/final-project/Snakefile:
Command ' set -euo pipefail;  Rscript src/analysis/linear_regression.R             --data out/data/data_complete.csv             --out out/analysis/regression_output.rds > logs/linear_regression.Rout 2>&1 ' returned non-zero exit status 1.
  File "/Users/jerelehtomaa/Dropbox/courses/uzh/pp4rs/final-project/Snakefile", line 60, in __rule_linear_model
  File "/anaconda3/lib/python3.6/concurrent/futures/thread.py", line 56, in run
Shutting down, this might take some time.
Exiting because a job execution failed. Look above for error message
Complete log: /Users/jerelehtomaa/Dropbox/courses/uzh/pp4rs/final-project/.snakemake/log/2019-02-20T183349.288566.snakemake.log
