Building DAG of jobs...
Using shell: /bin/bash
Provided cores: 1
Rules claiming more threads will be scaled down.
Job counts:
	count	jobs
	1	compile_paper
	1	results_table
	2

[Thu Feb 21 11:33:57 2019]
rule results_table:
    input: src/tables/model_results_table.R, out/analysis/regression_output.rds
    output: out/tables/model_results.tex
    log: logs/model_results_table.Rout
    jobid: 2

[Thu Feb 21 11:34:00 2019]
Finished job 2.
1 of 2 steps (50%) done

[Thu Feb 21 11:34:00 2019]
rule compile_paper:
    input: src/paper/final_paper.md, src/paper/bibliography.bib, out/figures/fig_01.png, out/tables/model_results.tex
    output: out/paper/short_paper.pdf
    log: logs/final_paper.log
    jobid: 0

[Thu Feb 21 11:34:07 2019]
Finished job 0.
2 of 2 steps (100%) done
Complete log: /Users/jerelehtomaa/Dropbox/courses/uzh/pp4rs/final-project/.snakemake/log/2019-02-21T113357.629923.snakemake.log
