Building DAG of jobs...
Using shell: /bin/bash
Provided cores: 1
Rules claiming more threads will be scaled down.
Job counts:
	count	jobs
	1	all
	1	compile_paper
	1	linear_model
	1	make_figures
	1	make_vars
	1	rename_vars
	1	results_table
	1	summary_stat_table
	8

[Thu Feb 21 14:58:12 2019]
rule rename_vars:
    input: src/data-management/rename_variables.R, src/data/raw_data.csv
    output: out/data/rawdata_renamed.csv
    log: logs/rename_variables.Rout
    jobid: 7

[Thu Feb 21 14:58:13 2019]
Finished job 7.
1 of 8 steps (12%) done

[Thu Feb 21 14:58:13 2019]
rule make_vars:
    input: src/data-management/gen_reg_vars.R, out/data/rawdata_renamed.csv, src/data/continent_codes.csv
    output: out/data/data_complete.csv
    log: logs/gen_reg_vars.Rout
    jobid: 6

[Thu Feb 21 14:58:14 2019]
Finished job 6.
2 of 8 steps (25%) done

[Thu Feb 21 14:58:14 2019]
rule make_figures:
    input: src/figures/fig_01.R, out/data/data_complete.csv
    output: out/figures/fig_01.png
    log: logs/fig_01.Rout
    jobid: 3

[Thu Feb 21 14:58:16 2019]
Finished job 3.
3 of 8 steps (38%) done

[Thu Feb 21 14:58:16 2019]
rule summary_stat_table:
    input: src/tables/summary_stat.R, out/data/data_complete.csv
    output: out/tables/summary_stat.tex
    log: logs/summary_stat.Rout
    jobid: 2

[Thu Feb 21 14:58:18 2019]
Finished job 2.
4 of 8 steps (50%) done

[Thu Feb 21 14:58:18 2019]
rule linear_model:
    input: src/analysis/linear_regression.R, out/data/data_complete.csv
    output: out/analysis/regression_output.rds
    log: logs/linear_regression.Rout
    jobid: 5

[Thu Feb 21 14:58:19 2019]
Finished job 5.
5 of 8 steps (62%) done

[Thu Feb 21 14:58:19 2019]
rule results_table:
    input: src/tables/model_results.R, out/analysis/regression_output.rds
    output: out/tables/model_results.tex
    log: logs/model_results.Rout
    jobid: 1

[Thu Feb 21 14:58:21 2019]
Finished job 1.
6 of 8 steps (75%) done

[Thu Feb 21 14:58:21 2019]
rule compile_paper:
    input: src/paper/final_paper.md, src/paper/bibliography.bib
    output: out/paper/final_paper.pdf
    log: logs/final_paper.log
    jobid: 4

[Thu Feb 21 14:58:28 2019]
Finished job 4.
7 of 8 steps (88%) done

[Thu Feb 21 14:58:28 2019]
localrule all:
    input: out/tables/model_results.tex, out/tables/summary_stat.tex, out/figures/fig_01.png, out/paper/final_paper.pdf
    jobid: 0

[Thu Feb 21 14:58:28 2019]
Finished job 0.
8 of 8 steps (100%) done
Complete log: /Users/jerelehtomaa/Dropbox/courses/uzh/pp4rs/pp4rs-final-project/.snakemake/log/2019-02-21T145812.144547.snakemake.log
