Building DAG of jobs...
Using shell: /bin/bash
Provided cores: 1
Rules claiming more threads will be scaled down.
Job counts:
	count	jobs
	1	compile_paper
	1

[Wed Feb 20 18:29:56 2019]
rule compile_paper:
    input: src/paper/compile_paper.R, src/paper/final_paper.Rmd
    output: out/paper/
    log: logs/compile_paper.Rout
    jobid: 0

[Wed Feb 20 18:30:00 2019]
Error in rule compile_paper:
    jobid: 0
    output: out/paper/
    log: logs/compile_paper.Rout

RuleException:
CalledProcessError in line 21 of /Users/jerelehtomaa/Dropbox/courses/uzh/pp4rs/final-project/Snakefile:
Command ' set -euo pipefail;  Rscript src/paper/compile_paper.R             --data src/paper/final_paper.Rmd             --out out/paper/ > logs/compile_paper.Rout 2>&1 ' returned non-zero exit status 1.
  File "/Users/jerelehtomaa/Dropbox/courses/uzh/pp4rs/final-project/Snakefile", line 21, in __rule_compile_paper
  File "/anaconda3/lib/python3.6/concurrent/futures/thread.py", line 56, in run
Removing output files of failed job compile_paper since they might be corrupted:
out/paper/
Shutting down, this might take some time.
Exiting because a job execution failed. Look above for error message
Complete log: /Users/jerelehtomaa/Dropbox/courses/uzh/pp4rs/final-project/.snakemake/log/2019-02-20T182956.360967.snakemake.log
