Building DAG of jobs...
Using shell: /bin/bash
Provided cores: 1
Rules claiming more threads will be scaled down.
Job counts:
	count	jobs
	1	compile_paper
	1	linear_model
	1	make_figures
	1	make_vars
	1	rename_vars
	1	summary_stat_table
	6

[Thu Feb 21 11:23:44 2019]
rule rename_vars:
    input: src/data-management/rename_variables.R, src/data/raw_data.csv
    output: out/data/rawdata_renamed.csv
    log: logs/rename_variables.Rout
    jobid: 5

[Thu Feb 21 11:23:45 2019]
Finished job 5.
1 of 6 steps (17%) done

[Thu Feb 21 11:23:45 2019]
rule make_vars:
    input: src/data-management/gen_reg_vars.R, out/data/rawdata_renamed.csv, src/data/continent_codes.csv
    output: out/data/data_complete.csv
    log: logs/gen_reg_vars.Rout
    jobid: 3

[Thu Feb 21 11:23:46 2019]
Finished job 3.
2 of 6 steps (33%) done

[Thu Feb 21 11:23:46 2019]
rule make_figures:
    input: src/figures/fig_01.R, out/data/data_complete.csv
    output: out/figures/fig_01.png
    log: logs/fig_01.Rout
    jobid: 1

[Thu Feb 21 11:23:48 2019]
Finished job 1.
3 of 6 steps (50%) done

[Thu Feb 21 11:23:48 2019]
rule linear_model:
    input: src/analysis/linear_regression.R, out/data/data_complete.csv
    output: out/analysis/regression_output.rds
    log: logs/linear_regression.Rout
    jobid: 4

[Thu Feb 21 11:23:49 2019]
Finished job 4.
4 of 6 steps (67%) done

[Thu Feb 21 11:23:49 2019]
rule summary_stat_table:
    input: src/tables/summary_stat_table.R, out/data/data_complete.csv, out/analysis/regression_output.rds
    output: out/tables/summary_stat_table.tex
    log: logs/summary_stat_table.Rout
    jobid: 2

[Thu Feb 21 11:23:51 2019]
Finished job 2.
5 of 6 steps (83%) done

[Thu Feb 21 11:23:51 2019]
rule compile_paper:
    input: src/paper/final_paper.md, src/paper/bibliography.bib, out/figures/fig_01.png, out/tables/summary_stat_table.tex
    output: out/paper/short_paper.pdf
    log: logs/final_paper.log
    jobid: 0

[Thu Feb 21 11:23:58 2019]
Finished job 0.
6 of 6 steps (100%) done
Complete log: /Users/jerelehtomaa/Dropbox/courses/uzh/pp4rs/final-project/.snakemake/log/2019-02-21T112343.995015.snakemake.log
